TN:test
SF:/home/tony_montana/s21/C8_3DViewer_v1.0-1/src/matrix/s21_matrix.c
FN:3,s21_create_matrix
FNDA:524,s21_create_matrix
FN:19,s21_remove_matrix
FNDA:524,s21_remove_matrix
FN:27,s21_eq_matrix
FNDA:30,s21_eq_matrix
FN:44,s21_sum_matrix
FNDA:2,s21_sum_matrix
FN:50,s21_sub_matrix
FNDA:2,s21_sub_matrix
FN:56,s21_mult_number
FNDA:6,s21_mult_number
FN:71,s21_mult_matrix
FNDA:36,s21_mult_matrix
FN:91,s21_transpose
FNDA:8,s21_transpose
FN:106,s21_calc_complements
FNDA:4,s21_calc_complements
FN:129,s21_determinant
FNDA:362,s21_determinant
FN:145,s21_inverse_matrix
FNDA:4,s21_inverse_matrix
FN:172,matrix_arithmetics
FNDA:4,matrix_arithmetics
FN:190,sum
FNDA:32,sum
FN:192,sub
FNDA:32,sub
FN:225,is_correct_matrix
FNDA:988,is_correct_matrix
FN:233,small_matrix_determinant
FNDA:266,small_matrix_determinant
FN:244,big_matrix_determinant
FNDA:94,big_matrix_determinant
FN:258,fill_minor
FNDA:352,fill_minor
DA:3,524
DA:4,524
DA:5,524
DA:6,0
DA:8,524
DA:9,524
DA:10,524
DA:11,524
DA:12,1896
DA:13,1372
DA:16,524
DA:19,524
DA:20,524
DA:21,524
DA:22,524
DA:25,524
DA:27,30
DA:28,30
DA:29,30
DA:30,28
DA:31,2
DA:33,128
DA:34,480
DA:35,380
DA:36,2
DA:41,30
DA:44,2
DA:45,2
DA:46,2
DA:47,2
DA:50,2
DA:51,2
DA:52,2
DA:53,2
DA:56,6
DA:57,6
DA:58,6
DA:59,0
DA:61,6
DA:62,30
DA:63,120
DA:64,96
DA:68,6
DA:71,36
DA:72,36
DA:73,36
DA:74,0
DA:75,36
DA:76,2
DA:78,34
DA:79,138
DA:80,232
DA:81,128
DA:82,512
DA:83,384
DA:88,36
DA:91,8
DA:92,8
DA:93,8
DA:94,0
DA:96,8
DA:97,34
DA:98,116
DA:99,90
DA:103,8
DA:106,4
DA:107,4
DA:108,4
DA:109,0
DA:110,4
DA:111,0
DA:113,4
DA:114,20
DA:115,80
DA:116,64
DA:118,64
DA:119,64
DA:120,64
DA:121,64
DA:122,64
DA:126,4
DA:129,362
DA:130,362
DA:131,362
DA:132,0
DA:133,362
DA:134,2
DA:136,360
DA:137,266
DA:139,94
DA:142,362
DA:145,4
DA:146,4
DA:147,4
DA:148,0
DA:149,4
DA:150,0
DA:152,4
DA:153,4
DA:154,4
DA:155,2
DA:159,2
DA:160,2
DA:161,2
DA:163,2
DA:165,2
DA:166,2
DA:169,4
DA:172,4
DA:174,4
DA:175,4
DA:176,0
DA:177,4
DA:178,0
DA:180,4
DA:181,20
DA:182,80
DA:183,64
DA:187,4
DA:190,32
DA:192,32
DA:225,988
DA:226,988
DA:227,988
DA:228,988
DA:230,988
DA:233,266
DA:234,266
DA:235,266
DA:236,2
DA:237,264
DA:238,264
DA:239,264
DA:241,266
DA:244,94
DA:245,94
DA:246,382
DA:247,288
DA:249,288
DA:250,288
DA:251,288
DA:252,288
DA:253,288
DA:255,94
DA:258,352
DA:259,352
DA:260,1496
DA:261,1144
DA:262,1144
DA:263,3432
DA:264,2640
DA:265,1848
DA:266,1848
DA:269,792
DA:272,352
end_of_record
TN:test
SF:/home/tony_montana/s21/C8_3DViewer_v1.0-1/src/objreader/objreader.c
FN:3,fileRead
FNDA:10,fileRead
FN:49,parseVLine
FNDA:80,parseVLine
FN:91,parseFLine
FNDA:120,parseFLine
DA:3,10
DA:7,10
DA:10,10
DA:13,10
DA:14,0
DA:15,0
DA:17,10
DA:18,10
DA:21,340
DA:24,330
DA:26,80
DA:27,80
DA:28,80
DA:29,250
DA:31,120
DA:32,120
DA:33,120
DA:34,120
DA:38,10
DA:39,10
DA:42,10
DA:43,10
DA:46,10
DA:49,80
DA:50,80
DA:53,80
DA:54,80
DA:55,400
DA:58,320
DA:59,80
DA:60,240
DA:61,80
DA:62,160
DA:63,80
DA:66,320
DA:67,320
DA:76,80
DA:77,80
DA:78,80
DA:80,80
DA:81,80
DA:82,80
DA:88,80
DA:91,120
DA:93,120
DA:95,120
DA:96,710
DA:97,590
DA:98,590
DA:99,360
DA:100,360
DA:101,360
DA:102,360
DA:106,590
DA:109,120
DA:110,120
DA:123,120
end_of_record
TN:test
SF:/home/tony_montana/s21/C8_3DViewer_v1.0-1/src/objreader/transform.c
FN:3,FitToWindow
FNDA:6,FitToWindow
FN:17,Move
FNDA:2,Move
FN:28,Resize
FNDA:2,Resize
FN:38,Rotate
FNDA:4,Rotate
FN:94,FindScale
FNDA:10,FindScale
FN:128,FillRotateMatrix
FNDA:4,FillRotateMatrix
DA:3,6
DA:4,6
DA:5,6
DA:6,6
DA:7,6
DA:8,6
DA:9,54
DA:10,48
DA:11,48
DA:12,48
DA:14,6
DA:17,2
DA:19,2
DA:20,18
DA:21,16
DA:22,16
DA:23,16
DA:25,2
DA:28,2
DA:29,2
DA:30,18
DA:31,16
DA:32,16
DA:33,16
DA:35,2
DA:38,4
DA:40,4
DA:41,4
DA:43,4
DA:44,4
DA:45,4
DA:46,36
DA:49,32
DA:50,32
DA:51,32
DA:52,32
DA:53,32
DA:54,32
DA:55,32
DA:56,32
DA:57,32
DA:58,32
DA:64,4
DA:65,4
DA:94,10
DA:96,10
DA:97,10
DA:99,10
DA:100,10
DA:101,10
DA:103,80
DA:104,70
DA:105,70
DA:106,70
DA:107,70
DA:108,70
DA:109,70
DA:112,10
DA:113,10
DA:114,10
DA:116,10
DA:117,8
DA:119,2
DA:121,10
DA:122,0
DA:125,10
DA:128,4
DA:130,4
DA:131,4
DA:132,4
DA:133,4
DA:134,4
DA:135,4
DA:136,4
DA:137,4
DA:138,4
DA:139,4
DA:140,4
DA:141,4
DA:142,4
DA:143,4
DA:144,4
DA:145,4
end_of_record
TN:test
SF:/home/tony_montana/s21/C8_3DViewer_v1.0-1/src/unit_tests.c
FN:3,fill_in_matrix
FNDA:56,fill_in_matrix
FN:11,fill_in_sum_mul_check
FNDA:4,fill_in_sum_mul_check
FN:30,fill_in_mat_mul_check
FNDA:4,fill_in_mat_mul_check
FN:49,fill_in_transpose_check
FNDA:2,fill_in_transpose_check
FN:68,fill_in_complements_check
FNDA:2,fill_in_complements_check
FN:87,fill_inverse_check
FNDA:2,fill_inverse_check
FN:106,s21_eq_matrix_test_1_fn
FNDA:2,s21_eq_matrix_test_1_fn
FN:119,s21_eq_matrix_test_2_fn
FNDA:2,s21_eq_matrix_test_2_fn
FN:134,s21_eq_matrix_test_3_fn
FNDA:2,s21_eq_matrix_test_3_fn
FN:150,s21_eq_matrix_test_4_fn
FNDA:2,s21_eq_matrix_test_4_fn
FN:165,s21_eq_matrix_test_5_fn
FNDA:2,s21_eq_matrix_test_5_fn
FN:180,s21_sum_matrix_test_1_fn
FNDA:2,s21_sum_matrix_test_1_fn
FN:203,s21_sub_matrix_test_1_fn
FNDA:2,s21_sub_matrix_test_1_fn
FN:230,s21_mult_number_test_1_fn
FNDA:2,s21_mult_number_test_1_fn
FN:249,s21_mult_number_test_2_fn
FNDA:2,s21_mult_number_test_2_fn
FN:268,s21_mult_matrix_test_1_fn
FNDA:2,s21_mult_matrix_test_1_fn
FN:291,s21_mult_matrix_test_2_fn
FNDA:2,s21_mult_matrix_test_2_fn
FN:313,s21_transpose_test_1_fn
FNDA:2,s21_transpose_test_1_fn
FN:332,s21_transpose_test_2_fn
FNDA:2,s21_transpose_test_2_fn
FN:351,s21_transpose_test_3_fn
FNDA:2,s21_transpose_test_3_fn
FN:381,s21_calc_complements_test_1_fn
FNDA:2,s21_calc_complements_test_1_fn
FN:401,s21_determinant_test_1_fn
FNDA:2,s21_determinant_test_1_fn
FN:413,s21_determinant_test_2_fn
FNDA:2,s21_determinant_test_2_fn
FN:426,s21_determinant_test_3_fn
FNDA:2,s21_determinant_test_3_fn
FN:439,s21_s21_inverse_matrix_test_1_fn
FNDA:2,s21_s21_inverse_matrix_test_1_fn
FN:459,s21_s21_inverse_matrix_test_2_fn
FNDA:2,s21_s21_inverse_matrix_test_2_fn
FN:473,s21_read_obj_test_1_fn
FNDA:2,s21_read_obj_test_1_fn
FN:515,s21_read_obj_test_2_fn
FNDA:2,s21_read_obj_test_2_fn
FN:559,s21_read_obj_test_3_fn
FNDA:2,s21_read_obj_test_3_fn
FN:604,s21_read_obj_test_4_fn
FNDA:2,s21_read_obj_test_4_fn
FN:650,s21_read_obj_test_5_fn
FNDA:2,s21_read_obj_test_5_fn
FN:695,srunner_add_viewer_tests
FNDA:2,srunner_add_viewer_tests
FN:727,main
FNDA:2,main
DA:3,56
DA:4,252
DA:5,916
DA:6,720
DA:9,56
DA:11,4
DA:12,4
DA:13,4
DA:14,4
DA:15,4
DA:16,4
DA:17,4
DA:18,4
DA:19,4
DA:20,4
DA:21,4
DA:22,4
DA:23,4
DA:24,4
DA:25,4
DA:26,4
DA:27,4
DA:28,4
DA:30,4
DA:31,4
DA:32,4
DA:33,4
DA:34,4
DA:35,4
DA:36,4
DA:37,4
DA:38,4
DA:39,4
DA:40,4
DA:41,4
DA:42,4
DA:43,4
DA:44,4
DA:45,4
DA:46,4
DA:47,4
DA:49,2
DA:50,2
DA:51,2
DA:52,2
DA:53,2
DA:54,2
DA:55,2
DA:56,2
DA:57,2
DA:58,2
DA:59,2
DA:60,2
DA:61,2
DA:62,2
DA:63,2
DA:64,2
DA:65,2
DA:66,2
DA:68,2
DA:69,2
DA:70,2
DA:71,2
DA:72,2
DA:73,2
DA:74,2
DA:75,2
DA:76,2
DA:77,2
DA:78,2
DA:79,2
DA:80,2
DA:81,2
DA:82,2
DA:83,2
DA:84,2
DA:85,2
DA:87,2
DA:88,2
DA:89,2
DA:90,2
DA:91,2
DA:92,2
DA:93,2
DA:94,2
DA:95,2
DA:96,2
DA:97,2
DA:98,2
DA:99,2
DA:100,2
DA:101,2
DA:102,2
DA:103,2
DA:104,2
DA:106,2
DA:109,2
DA:110,2
DA:111,2
DA:112,2
DA:113,2
DA:114,2
DA:115,2
DA:116,2
DA:119,2
DA:122,2
DA:123,2
DA:124,2
DA:125,2
DA:126,2
DA:127,2
DA:128,2
DA:129,2
DA:130,2
DA:131,2
DA:134,2
DA:137,2
DA:138,2
DA:139,2
DA:140,2
DA:141,2
DA:142,2
DA:143,2
DA:144,2
DA:145,2
DA:146,2
DA:147,2
DA:150,2
DA:153,2
DA:154,2
DA:155,2
DA:156,2
DA:157,2
DA:158,2
DA:159,2
DA:160,2
DA:161,2
DA:162,2
DA:165,2
DA:168,2
DA:169,2
DA:170,2
DA:171,2
DA:172,2
DA:173,2
DA:174,2
DA:175,2
DA:176,2
DA:177,2
DA:180,2
DA:185,2
DA:186,2
DA:188,2
DA:189,2
DA:190,2
DA:191,2
DA:192,2
DA:193,2
DA:194,2
DA:195,2
DA:196,2
DA:197,2
DA:198,2
DA:199,2
DA:200,2
DA:203,2
DA:208,2
DA:209,2
DA:211,2
DA:212,2
DA:213,2
DA:214,10
DA:215,40
DA:216,32
DA:219,2
DA:220,2
DA:221,2
DA:222,2
DA:223,2
DA:224,2
DA:225,2
DA:226,2
DA:227,2
DA:230,2
DA:234,2
DA:236,2
DA:237,2
DA:238,2
DA:239,2
DA:240,2
DA:241,2
DA:242,2
DA:243,2
DA:244,2
DA:245,2
DA:246,2
DA:249,2
DA:253,2
DA:255,2
DA:256,2
DA:257,2
DA:258,2
DA:259,2
DA:260,2
DA:261,2
DA:262,2
DA:263,2
DA:264,2
DA:265,2
DA:268,2
DA:273,2
DA:274,2
DA:276,2
DA:277,2
DA:278,2
DA:279,2
DA:280,2
DA:281,2
DA:282,2
DA:283,2
DA:284,2
DA:285,2
DA:286,2
DA:287,2
DA:288,2
DA:291,2
DA:296,2
DA:297,2
DA:299,2
DA:300,2
DA:301,2
DA:302,2
DA:303,2
DA:304,2
DA:305,2
DA:306,2
DA:308,2
DA:309,2
DA:310,2
DA:313,2
DA:317,2
DA:319,2
DA:320,2
DA:321,2
DA:322,2
DA:323,2
DA:324,2
DA:325,2
DA:326,2
DA:327,2
DA:328,2
DA:329,2
DA:332,2
DA:336,2
DA:338,2
DA:339,2
DA:340,2
DA:341,2
DA:342,2
DA:343,2
DA:344,2
DA:345,2
DA:346,2
DA:347,2
DA:348,2
DA:351,2
DA:355,2
DA:357,2
DA:358,2
DA:359,2
DA:360,2
DA:361,2
DA:362,2
DA:363,2
DA:364,2
DA:365,2
DA:366,2
DA:367,2
DA:368,2
DA:369,2
DA:370,2
DA:371,2
DA:372,2
DA:373,2
DA:374,2
DA:375,2
DA:376,2
DA:377,2
DA:378,2
DA:381,2
DA:385,2
DA:387,2
DA:388,2
DA:389,2
DA:390,2
DA:391,2
DA:392,2
DA:393,2
DA:394,2
DA:395,2
DA:396,2
DA:397,2
DA:398,2
DA:401,2
DA:403,2
DA:404,2
DA:405,2
DA:406,2
DA:407,2
DA:408,2
DA:409,2
DA:410,2
DA:413,2
DA:415,2
DA:416,2
DA:417,2
DA:418,2
DA:419,2
DA:420,2
DA:421,2
DA:422,2
DA:423,2
DA:426,2
DA:428,2
DA:429,2
DA:430,2
DA:431,2
DA:432,2
DA:433,2
DA:434,2
DA:435,2
DA:436,2
DA:439,2
DA:443,2
DA:445,2
DA:446,2
DA:447,2
DA:448,2
DA:449,2
DA:450,2
DA:451,2
DA:452,2
DA:453,2
DA:454,2
DA:455,2
DA:456,2
DA:459,2
DA:462,2
DA:464,2
DA:465,2
DA:466,2
DA:467,2
DA:469,2
DA:470,2
DA:473,2
DA:474,2
DA:475,2
DA:477,2
DA:478,2
DA:479,2
DA:480,2
DA:482,2
DA:483,2
DA:484,2
DA:485,2
DA:486,2
DA:487,2
DA:488,2
DA:489,2
DA:490,2
DA:491,2
DA:492,2
DA:493,2
DA:494,2
DA:495,2
DA:496,2
DA:497,2
DA:498,2
DA:499,2
DA:500,2
DA:501,2
DA:502,2
DA:503,2
DA:504,2
DA:505,2
DA:506,2
DA:507,2
DA:508,2
DA:509,26
DA:510,2
DA:511,2
DA:512,2
DA:515,2
DA:516,2
DA:517,2
DA:519,2
DA:520,2
DA:521,2
DA:522,2
DA:524,2
DA:525,2
DA:526,2
DA:527,2
DA:528,2
DA:529,2
DA:530,2
DA:531,2
DA:532,2
DA:533,2
DA:534,2
DA:535,2
DA:536,2
DA:537,2
DA:538,2
DA:539,2
DA:540,2
DA:541,2
DA:542,2
DA:543,2
DA:544,2
DA:545,2
DA:546,2
DA:547,2
DA:548,2
DA:549,2
DA:550,2
DA:551,2
DA:552,2
DA:553,26
DA:554,2
DA:555,2
DA:556,2
DA:559,2
DA:560,2
DA:561,2
DA:563,2
DA:564,2
DA:565,2
DA:566,2
DA:568,2
DA:569,2
DA:570,2
DA:571,2
DA:572,2
DA:573,2
DA:574,2
DA:575,2
DA:576,2
DA:577,2
DA:578,2
DA:579,2
DA:580,2
DA:581,2
DA:582,2
DA:583,2
DA:584,2
DA:585,2
DA:586,2
DA:587,2
DA:588,2
DA:589,2
DA:590,2
DA:591,2
DA:592,2
DA:593,2
DA:594,2
DA:595,2
DA:596,2
DA:597,2
DA:598,2
DA:599,26
DA:600,2
DA:601,2
DA:602,2
DA:604,2
DA:605,2
DA:606,2
DA:608,2
DA:609,2
DA:610,2
DA:611,2
DA:613,2
DA:614,2
DA:615,2
DA:616,2
DA:617,2
DA:618,2
DA:619,2
DA:620,2
DA:621,2
DA:622,2
DA:623,2
DA:624,2
DA:625,2
DA:626,2
DA:627,2
DA:628,2
DA:629,2
DA:630,2
DA:631,2
DA:632,2
DA:633,2
DA:634,2
DA:635,2
DA:636,2
DA:637,2
DA:638,2
DA:639,2
DA:640,2
DA:641,2
DA:642,2
DA:643,2
DA:644,26
DA:645,2
DA:646,2
DA:647,2
DA:650,2
DA:651,2
DA:652,2
DA:654,2
DA:655,2
DA:656,2
DA:657,2
DA:659,2
DA:660,2
DA:661,2
DA:662,2
DA:663,2
DA:664,2
DA:665,2
DA:666,2
DA:667,2
DA:668,2
DA:669,2
DA:670,2
DA:671,2
DA:672,2
DA:673,2
DA:674,2
DA:675,2
DA:676,2
DA:677,2
DA:678,2
DA:679,2
DA:680,2
DA:681,2
DA:682,2
DA:683,2
DA:684,2
DA:685,2
DA:686,2
DA:687,2
DA:688,2
DA:689,26
DA:690,2
DA:691,2
DA:692,2
DA:695,2
DA:696,2
DA:697,2
DA:698,2
DA:699,2
DA:700,2
DA:701,2
DA:702,2
DA:703,2
DA:704,2
DA:705,2
DA:706,2
DA:707,2
DA:708,2
DA:709,2
DA:710,2
DA:711,2
DA:712,2
DA:713,2
DA:714,2
DA:715,2
DA:716,2
DA:717,2
DA:718,2
DA:719,2
DA:720,2
DA:721,2
DA:722,2
DA:723,2
DA:724,2
DA:725,2
DA:727,2
DA:728,2
DA:729,2
DA:732,2
DA:734,2
DA:735,2
DA:736,2
DA:737,2
DA:739,2
end_of_record
